CRITICAL - 2021-05-02 20:07:57 --> Undefined property: App\Controllers\HomeController::$session
#0 D:\xampp\htdocs\MOE\app\Controllers\HomeController.php(20): CodeIgniter\Debug\Exceptions->errorHandler(8, 'Undefined prope...', 'D:\\xampp\\htdocs...', 20, Array)
#1 D:\xampp\htdocs\MOE\system\CodeIgniter.php(936): App\Controllers\HomeController->index()
#2 D:\xampp\htdocs\MOE\system\CodeIgniter.php(432): CodeIgniter\CodeIgniter->runController(Object(App\Controllers\HomeController))
#3 D:\xampp\htdocs\MOE\system\CodeIgniter.php(333): CodeIgniter\CodeIgniter->handleRequest(NULL, Object(Config\Cache), false)
#4 D:\xampp\htdocs\MOE\public\index.php(44): CodeIgniter\CodeIgniter->run()
#5 {main}
CRITICAL - 2021-05-02 20:18:23 --> Invalid argument supplied for foreach()
#0 D:\xampp\htdocs\MOE\app\Views\partials\alerts.php(16): CodeIgniter\Debug\Exceptions->errorHandler(2, 'Invalid argumen...', 'D:\\xampp\\htdocs...', 16, Array)
#1 D:\xampp\htdocs\MOE\system\View\View.php(220): include('D:\\xampp\\htdocs...')
#2 D:\xampp\htdocs\MOE\system\View\View.php(222): CodeIgniter\View\View->CodeIgniter\View\{closure}()
#3 D:\xampp\htdocs\MOE\system\View\View.php(468): CodeIgniter\View\View->render('partials/alerts', NULL, true)
#4 D:\xampp\htdocs\MOE\app\Views\home\index.php(7): CodeIgniter\View\View->include('partials/alerts')
#5 D:\xampp\htdocs\MOE\system\View\View.php(220): include('D:\\xampp\\htdocs...')
#6 D:\xampp\htdocs\MOE\system\View\View.php(222): CodeIgniter\View\View->CodeIgniter\View\{closure}()
#7 D:\xampp\htdocs\MOE\system\Common.php(1217): CodeIgniter\View\View->render('home/index', Array, true)
#8 D:\xampp\htdocs\MOE\app\Controllers\HomeController.php(23): view('home/index')
#9 D:\xampp\htdocs\MOE\system\CodeIgniter.php(936): App\Controllers\HomeController->index()
#10 D:\xampp\htdocs\MOE\system\CodeIgniter.php(432): CodeIgniter\CodeIgniter->runController(Object(App\Controllers\HomeController))
#11 D:\xampp\htdocs\MOE\system\CodeIgniter.php(333): CodeIgniter\CodeIgniter->handleRequest(NULL, Object(Config\Cache), false)
#12 D:\xampp\htdocs\MOE\public\index.php(44): CodeIgniter\CodeIgniter->run()
#13 {main}
CRITICAL - 2021-05-02 20:21:49 --> count(): Parameter must be an array or an object that implements Countable
#0 D:\xampp\htdocs\MOE\app\Views\partials\alerts.php(15): CodeIgniter\Debug\Exceptions->errorHandler(2, 'count(): Parame...', 'D:\\xampp\\htdocs...', 15, Array)
#1 D:\xampp\htdocs\MOE\system\View\View.php(220): include('D:\\xampp\\htdocs...')
#2 D:\xampp\htdocs\MOE\system\View\View.php(222): CodeIgniter\View\View->CodeIgniter\View\{closure}()
#3 D:\xampp\htdocs\MOE\system\View\View.php(468): CodeIgniter\View\View->render('partials/alerts', NULL, true)
#4 D:\xampp\htdocs\MOE\app\Views\home\index.php(7): CodeIgniter\View\View->include('partials/alerts')
#5 D:\xampp\htdocs\MOE\system\View\View.php(220): include('D:\\xampp\\htdocs...')
#6 D:\xampp\htdocs\MOE\system\View\View.php(222): CodeIgniter\View\View->CodeIgniter\View\{closure}()
#7 D:\xampp\htdocs\MOE\system\Common.php(1217): CodeIgniter\View\View->render('home/index', Array, true)
#8 D:\xampp\htdocs\MOE\app\Controllers\HomeController.php(23): view('home/index')
#9 D:\xampp\htdocs\MOE\system\CodeIgniter.php(936): App\Controllers\HomeController->index()
#10 D:\xampp\htdocs\MOE\system\CodeIgniter.php(432): CodeIgniter\CodeIgniter->runController(Object(App\Controllers\HomeController))
#11 D:\xampp\htdocs\MOE\system\CodeIgniter.php(333): CodeIgniter\CodeIgniter->handleRequest(NULL, Object(Config\Cache), false)
#12 D:\xampp\htdocs\MOE\public\index.php(44): CodeIgniter\CodeIgniter->run()
#13 {main}
CRITICAL - 2021-05-02 20:21:52 --> count(): Parameter must be an array or an object that implements Countable
#0 D:\xampp\htdocs\MOE\app\Views\partials\alerts.php(15): CodeIgniter\Debug\Exceptions->errorHandler(2, 'count(): Parame...', 'D:\\xampp\\htdocs...', 15, Array)
#1 D:\xampp\htdocs\MOE\system\View\View.php(220): include('D:\\xampp\\htdocs...')
#2 D:\xampp\htdocs\MOE\system\View\View.php(222): CodeIgniter\View\View->CodeIgniter\View\{closure}()
#3 D:\xampp\htdocs\MOE\system\View\View.php(468): CodeIgniter\View\View->render('partials/alerts', NULL, true)
#4 D:\xampp\htdocs\MOE\app\Views\home\index.php(7): CodeIgniter\View\View->include('partials/alerts')
#5 D:\xampp\htdocs\MOE\system\View\View.php(220): include('D:\\xampp\\htdocs...')
#6 D:\xampp\htdocs\MOE\system\View\View.php(222): CodeIgniter\View\View->CodeIgniter\View\{closure}()
#7 D:\xampp\htdocs\MOE\system\Common.php(1217): CodeIgniter\View\View->render('home/index', Array, true)
#8 D:\xampp\htdocs\MOE\app\Controllers\HomeController.php(23): view('home/index')
#9 D:\xampp\htdocs\MOE\system\CodeIgniter.php(936): App\Controllers\HomeController->index()
#10 D:\xampp\htdocs\MOE\system\CodeIgniter.php(432): CodeIgniter\CodeIgniter->runController(Object(App\Controllers\HomeController))
#11 D:\xampp\htdocs\MOE\system\CodeIgniter.php(333): CodeIgniter\CodeIgniter->handleRequest(NULL, Object(Config\Cache), false)
#12 D:\xampp\htdocs\MOE\public\index.php(44): CodeIgniter\CodeIgniter->run()
#13 {main}
CRITICAL - 2021-05-02 21:23:16 --> 
#0 D:\xampp\htdocs\MOE\system\HTTP\RedirectResponse.php(63): CodeIgniter\HTTP\Exceptions\HTTPException::forInvalidRedirectRoute('')
#1 D:\xampp\htdocs\MOE\system\Common.php(918): CodeIgniter\HTTP\RedirectResponse->route(false)
#2 D:\xampp\htdocs\MOE\app\Controllers\UsuarioController.php(24): redirect('/registrar')
#3 D:\xampp\htdocs\MOE\system\CodeIgniter.php(936): App\Controllers\UsuarioController->registrar()
#4 D:\xampp\htdocs\MOE\system\CodeIgniter.php(432): CodeIgniter\CodeIgniter->runController(Object(App\Controllers\UsuarioController))
#5 D:\xampp\htdocs\MOE\system\CodeIgniter.php(333): CodeIgniter\CodeIgniter->handleRequest(NULL, Object(Config\Cache), false)
#6 D:\xampp\htdocs\MOE\public\index.php(44): CodeIgniter\CodeIgniter->run()
#7 {main}
CRITICAL - 2021-05-02 21:35:49 --> Argument 1 passed to CodeIgniter\HTTP\RedirectResponse::back() must be of the type int or null, string given, called in D:\xampp\htdocs\MOE\app\Controllers\UsuarioController.php on line 24
#0 D:\xampp\htdocs\MOE\app\Controllers\UsuarioController.php(24): CodeIgniter\HTTP\RedirectResponse->back('get')
#1 D:\xampp\htdocs\MOE\system\CodeIgniter.php(936): App\Controllers\UsuarioController->registrar()
#2 D:\xampp\htdocs\MOE\system\CodeIgniter.php(432): CodeIgniter\CodeIgniter->runController(Object(App\Controllers\UsuarioController))
#3 D:\xampp\htdocs\MOE\system\CodeIgniter.php(333): CodeIgniter\CodeIgniter->handleRequest(NULL, Object(Config\Cache), false)
#4 D:\xampp\htdocs\MOE\public\index.php(44): CodeIgniter\CodeIgniter->run()
#5 {main}
ERROR - 2021-05-02 23:10:45 --> mysqli_sql_exception: You have an error in your SQL syntax; check the manual that corresponds to your MariaDB server version for the right syntax to use near 'NOT NULL,
	CONSTRAINT `pk_usuarios` PRIMARY KEY(`id`)
) DEFAULT CHARACTER SET...' at line 5 in D:\xampp\htdocs\MOE\system\Database\MySQLi\Connection.php:314
Stack trace:
#0 D:\xampp\htdocs\MOE\system\Database\MySQLi\Connection.php(314): mysqli->query('CREATE TABLE `u...')
#1 D:\xampp\htdocs\MOE\system\Database\BaseConnection.php(713): CodeIgniter\Database\MySQLi\Connection->execute('CREATE TABLE `u...')
#2 D:\xampp\htdocs\MOE\system\Database\BaseConnection.php(641): CodeIgniter\Database\BaseConnection->simpleQuery('CREATE TABLE `u...')
#3 D:\xampp\htdocs\MOE\system\Database\Forge.php(525): CodeIgniter\Database\BaseConnection->query('CREATE TABLE `u...')
#4 D:\xampp\htdocs\MOE\app\Database\Migrations\2021-04-25-013857_Usuarios.php(31): CodeIgniter\Database\Forge->createTable('usuarios')
#5 D:\xampp\htdocs\MOE\system\Database\MigrationRunner.php(1057): App\Database\Migrations\Usuarios->up()
#6 D:\xampp\htdocs\MOE\system\Database\MigrationRunner.php(202): CodeIgniter\Database\MigrationRunner->migrate('up', Object(stdClass))
#7 D:\xampp\htdocs\MOE\system\Commands\Database\Migrate.php(94): CodeIgniter\Database\MigrationRunner->latest(NULL)
#8 D:\xampp\htdocs\MOE\system\CLI\Commands.php(70): CodeIgniter\Commands\Database\Migrate->run(Array)
#9 D:\xampp\htdocs\MOE\system\CLI\BaseCommand.php(118): CodeIgniter\CLI\Commands->run('migrate', Array)
#10 D:\xampp\htdocs\MOE\system\Commands\Database\MigrateRefresh.php(91): CodeIgniter\CLI\BaseCommand->call('migrate', Array)
#11 D:\xampp\htdocs\MOE\system\CLI\Commands.php(70): CodeIgniter\Commands\Database\MigrateRefresh->run(Array)
#12 D:\xampp\htdocs\MOE\system\CLI\CommandRunner.php(80): CodeIgniter\CLI\Commands->run('migrate:refresh', Array)
#13 D:\xampp\htdocs\MOE\system\CLI\CommandRunner.php(58): CodeIgniter\CLI\CommandRunner->index(Array)
#14 D:\xampp\htdocs\MOE\system\CodeIgniter.php(932): CodeIgniter\CLI\CommandRunner->_remap('index', 'migrate:refresh')
#15 D:\xampp\htdocs\MOE\system\CodeIgniter.php(432): CodeIgniter\CodeIgniter->runController(Object(CodeIgniter\CLI\CommandRunner))
#16 D:\xampp\htdocs\MOE\system\CodeIgniter.php(333): CodeIgniter\CodeIgniter->handleRequest(NULL, Object(Config\Cache), false)
#17 D:\xampp\htdocs\MOE\system\CLI\Console.php(61): CodeIgniter\CodeIgniter->run()
#18 D:\xampp\htdocs\MOE\spark(66): CodeIgniter\CLI\Console->run()
#19 {main}
