CRITICAL - 2021-03-16 22:42:10 --> Using $this when not in object context
#0 D:\xampp\htdocs\novo-projeto\app\Controllers\Teste.php(11): CodeIgniter\BaseModel::find(1)
#1 D:\xampp\htdocs\novo-projeto\system\CodeIgniter.php(936): App\Controllers\Teste->index()
#2 D:\xampp\htdocs\novo-projeto\system\CodeIgniter.php(432): CodeIgniter\CodeIgniter->runController(Object(App\Controllers\Teste))
#3 D:\xampp\htdocs\novo-projeto\system\CodeIgniter.php(333): CodeIgniter\CodeIgniter->handleRequest(NULL, Object(Config\Cache), false)
#4 D:\xampp\htdocs\novo-projeto\public\index.php(44): CodeIgniter\CodeIgniter->run()
#5 {main}
CRITICAL - 2021-03-16 22:42:27 --> Using $this when not in object context
#0 D:\xampp\htdocs\novo-projeto\app\Controllers\Teste.php(11): CodeIgniter\BaseModel::find(1)
#1 D:\xampp\htdocs\novo-projeto\system\CodeIgniter.php(936): App\Controllers\Teste->index()
#2 D:\xampp\htdocs\novo-projeto\system\CodeIgniter.php(432): CodeIgniter\CodeIgniter->runController(Object(App\Controllers\Teste))
#3 D:\xampp\htdocs\novo-projeto\system\CodeIgniter.php(333): CodeIgniter\CodeIgniter->handleRequest(NULL, Object(Config\Cache), false)
#4 D:\xampp\htdocs\novo-projeto\public\index.php(44): CodeIgniter\CodeIgniter->run()
#5 {main}
CRITICAL - 2021-03-16 22:44:15 --> Using $this when not in object context
#0 D:\xampp\htdocs\novo-projeto\app\Controllers\Teste.php(11): CodeIgniter\BaseModel::find(1)
#1 D:\xampp\htdocs\novo-projeto\system\CodeIgniter.php(936): App\Controllers\Teste->index()
#2 D:\xampp\htdocs\novo-projeto\system\CodeIgniter.php(432): CodeIgniter\CodeIgniter->runController(Object(App\Controllers\Teste))
#3 D:\xampp\htdocs\novo-projeto\system\CodeIgniter.php(333): CodeIgniter\CodeIgniter->handleRequest(NULL, Object(Config\Cache), false)
#4 D:\xampp\htdocs\novo-projeto\public\index.php(44): CodeIgniter\CodeIgniter->run()
#5 {main}
CRITICAL - 2021-03-16 22:44:16 --> Using $this when not in object context
#0 D:\xampp\htdocs\novo-projeto\app\Controllers\Teste.php(11): CodeIgniter\BaseModel::find(1)
#1 D:\xampp\htdocs\novo-projeto\system\CodeIgniter.php(936): App\Controllers\Teste->index()
#2 D:\xampp\htdocs\novo-projeto\system\CodeIgniter.php(432): CodeIgniter\CodeIgniter->runController(Object(App\Controllers\Teste))
#3 D:\xampp\htdocs\novo-projeto\system\CodeIgniter.php(333): CodeIgniter\CodeIgniter->handleRequest(NULL, Object(Config\Cache), false)
#4 D:\xampp\htdocs\novo-projeto\public\index.php(44): CodeIgniter\CodeIgniter->run()
#5 {main}
CRITICAL - 2021-03-16 22:44:39 --> Using $this when not in object context
#0 D:\xampp\htdocs\novo-projeto\app\Controllers\Teste.php(11): CodeIgniter\BaseModel::find(1)
#1 D:\xampp\htdocs\novo-projeto\system\CodeIgniter.php(936): App\Controllers\Teste->index()
#2 D:\xampp\htdocs\novo-projeto\system\CodeIgniter.php(432): CodeIgniter\CodeIgniter->runController(Object(App\Controllers\Teste))
#3 D:\xampp\htdocs\novo-projeto\system\CodeIgniter.php(333): CodeIgniter\CodeIgniter->handleRequest(NULL, Object(Config\Cache), false)
#4 D:\xampp\htdocs\novo-projeto\public\index.php(44): CodeIgniter\CodeIgniter->run()
#5 {main}
CRITICAL - 2021-03-16 22:44:56 --> Using $this when not in object context
#0 D:\xampp\htdocs\novo-projeto\app\Controllers\Teste.php(11): CodeIgniter\BaseModel::find(1)
#1 D:\xampp\htdocs\novo-projeto\system\CodeIgniter.php(936): App\Controllers\Teste->index()
#2 D:\xampp\htdocs\novo-projeto\system\CodeIgniter.php(432): CodeIgniter\CodeIgniter->runController(Object(App\Controllers\Teste))
#3 D:\xampp\htdocs\novo-projeto\system\CodeIgniter.php(333): CodeIgniter\CodeIgniter->handleRequest(NULL, Object(Config\Cache), false)
#4 D:\xampp\htdocs\novo-projeto\public\index.php(44): CodeIgniter\CodeIgniter->run()
#5 {main}
CRITICAL - 2021-03-16 22:44:57 --> Using $this when not in object context
#0 D:\xampp\htdocs\novo-projeto\app\Controllers\Teste.php(11): CodeIgniter\BaseModel::find(1)
#1 D:\xampp\htdocs\novo-projeto\system\CodeIgniter.php(936): App\Controllers\Teste->index()
#2 D:\xampp\htdocs\novo-projeto\system\CodeIgniter.php(432): CodeIgniter\CodeIgniter->runController(Object(App\Controllers\Teste))
#3 D:\xampp\htdocs\novo-projeto\system\CodeIgniter.php(333): CodeIgniter\CodeIgniter->handleRequest(NULL, Object(Config\Cache), false)
#4 D:\xampp\htdocs\novo-projeto\public\index.php(44): CodeIgniter\CodeIgniter->run()
#5 {main}
CRITICAL - 2021-03-16 22:50:52 --> Using $this when not in object context
#0 D:\xampp\htdocs\novo-projeto\app\Controllers\Teste.php(11): CodeIgniter\BaseModel::find(1)
#1 D:\xampp\htdocs\novo-projeto\system\CodeIgniter.php(936): App\Controllers\Teste->index()
#2 D:\xampp\htdocs\novo-projeto\system\CodeIgniter.php(432): CodeIgniter\CodeIgniter->runController(Object(App\Controllers\Teste))
#3 D:\xampp\htdocs\novo-projeto\system\CodeIgniter.php(333): CodeIgniter\CodeIgniter->handleRequest(NULL, Object(Config\Cache), false)
#4 D:\xampp\htdocs\novo-projeto\public\index.php(44): CodeIgniter\CodeIgniter->run()
#5 {main}
CRITICAL - 2021-03-16 22:50:53 --> Using $this when not in object context
#0 D:\xampp\htdocs\novo-projeto\app\Controllers\Teste.php(11): CodeIgniter\BaseModel::find(1)
#1 D:\xampp\htdocs\novo-projeto\system\CodeIgniter.php(936): App\Controllers\Teste->index()
#2 D:\xampp\htdocs\novo-projeto\system\CodeIgniter.php(432): CodeIgniter\CodeIgniter->runController(Object(App\Controllers\Teste))
#3 D:\xampp\htdocs\novo-projeto\system\CodeIgniter.php(333): CodeIgniter\CodeIgniter->handleRequest(NULL, Object(Config\Cache), false)
#4 D:\xampp\htdocs\novo-projeto\public\index.php(44): CodeIgniter\CodeIgniter->run()
#5 {main}
CRITICAL - 2021-03-16 22:50:54 --> Using $this when not in object context
#0 D:\xampp\htdocs\novo-projeto\app\Controllers\Teste.php(11): CodeIgniter\BaseModel::find(1)
#1 D:\xampp\htdocs\novo-projeto\system\CodeIgniter.php(936): App\Controllers\Teste->index()
#2 D:\xampp\htdocs\novo-projeto\system\CodeIgniter.php(432): CodeIgniter\CodeIgniter->runController(Object(App\Controllers\Teste))
#3 D:\xampp\htdocs\novo-projeto\system\CodeIgniter.php(333): CodeIgniter\CodeIgniter->handleRequest(NULL, Object(Config\Cache), false)
#4 D:\xampp\htdocs\novo-projeto\public\index.php(44): CodeIgniter\CodeIgniter->run()
#5 {main}
CRITICAL - 2021-03-16 22:51:48 --> Using $this when not in object context
#0 D:\xampp\htdocs\novo-projeto\app\Controllers\Teste.php(11): CodeIgniter\BaseModel::find(1)
#1 D:\xampp\htdocs\novo-projeto\system\CodeIgniter.php(936): App\Controllers\Teste->index()
#2 D:\xampp\htdocs\novo-projeto\system\CodeIgniter.php(432): CodeIgniter\CodeIgniter->runController(Object(App\Controllers\Teste))
#3 D:\xampp\htdocs\novo-projeto\system\CodeIgniter.php(333): CodeIgniter\CodeIgniter->handleRequest(NULL, Object(Config\Cache), false)
#4 D:\xampp\htdocs\novo-projeto\public\index.php(44): CodeIgniter\CodeIgniter->run()
#5 {main}
ERROR - 2021-03-16 22:52:17 --> Error connecting to the database: Access denied for user ''@'localhost' (using password: NO)
CRITICAL - 2021-03-16 22:52:17 --> Unable to connect to the database.
#0 D:\xampp\htdocs\novo-projeto\system\Database\BaseConnection.php(618): CodeIgniter\Database\BaseConnection->initialize()
#1 D:\xampp\htdocs\novo-projeto\system\Database\BaseBuilder.php(1866): CodeIgniter\Database\BaseConnection->query('SELECT *\nFROM `...', Array, false)
#2 D:\xampp\htdocs\novo-projeto\system\Model.php(169): CodeIgniter\Database\BaseBuilder->get()
#3 D:\xampp\htdocs\novo-projeto\system\BaseModel.php(518): CodeIgniter\Model->doFind(true, 1)
#4 D:\xampp\htdocs\novo-projeto\app\Controllers\Teste.php(12): CodeIgniter\BaseModel->find(1)
#5 D:\xampp\htdocs\novo-projeto\system\CodeIgniter.php(936): App\Controllers\Teste->index()
#6 D:\xampp\htdocs\novo-projeto\system\CodeIgniter.php(432): CodeIgniter\CodeIgniter->runController(Object(App\Controllers\Teste))
#7 D:\xampp\htdocs\novo-projeto\system\CodeIgniter.php(333): CodeIgniter\CodeIgniter->handleRequest(NULL, Object(Config\Cache), false)
#8 D:\xampp\htdocs\novo-projeto\public\index.php(44): CodeIgniter\CodeIgniter->run()
#9 {main}
ERROR - 2021-03-16 22:53:01 --> Error connecting to the database: Access denied for user ''@'localhost' (using password: NO)
CRITICAL - 2021-03-16 22:53:01 --> Unable to connect to the database.
#0 D:\xampp\htdocs\novo-projeto\system\Database\BaseConnection.php(618): CodeIgniter\Database\BaseConnection->initialize()
#1 D:\xampp\htdocs\novo-projeto\system\Database\BaseBuilder.php(1866): CodeIgniter\Database\BaseConnection->query('SELECT *\nFROM `...', Array, false)
#2 D:\xampp\htdocs\novo-projeto\system\Model.php(169): CodeIgniter\Database\BaseBuilder->get()
#3 D:\xampp\htdocs\novo-projeto\system\BaseModel.php(518): CodeIgniter\Model->doFind(true, 1)
#4 D:\xampp\htdocs\novo-projeto\app\Controllers\Teste.php(12): CodeIgniter\BaseModel->find(1)
#5 D:\xampp\htdocs\novo-projeto\system\CodeIgniter.php(936): App\Controllers\Teste->index()
#6 D:\xampp\htdocs\novo-projeto\system\CodeIgniter.php(432): CodeIgniter\CodeIgniter->runController(Object(App\Controllers\Teste))
#7 D:\xampp\htdocs\novo-projeto\system\CodeIgniter.php(333): CodeIgniter\CodeIgniter->handleRequest(NULL, Object(Config\Cache), false)
#8 D:\xampp\htdocs\novo-projeto\public\index.php(44): CodeIgniter\CodeIgniter->run()
#9 {main}
ERROR - 2021-03-16 22:55:44 --> Error connecting to the database: Access denied for user ''@'localhost' (using password: NO)
CRITICAL - 2021-03-16 22:55:44 --> Unable to connect to the database.
#0 D:\xampp\htdocs\novo-projeto\system\Database\BaseConnection.php(618): CodeIgniter\Database\BaseConnection->initialize()
#1 D:\xampp\htdocs\novo-projeto\system\Database\BaseBuilder.php(1866): CodeIgniter\Database\BaseConnection->query('SELECT *\nFROM `...', Array, false)
#2 D:\xampp\htdocs\novo-projeto\system\Model.php(169): CodeIgniter\Database\BaseBuilder->get()
#3 D:\xampp\htdocs\novo-projeto\system\BaseModel.php(518): CodeIgniter\Model->doFind(true, 1)
#4 D:\xampp\htdocs\novo-projeto\app\Controllers\Teste.php(12): CodeIgniter\BaseModel->find(1)
#5 D:\xampp\htdocs\novo-projeto\system\CodeIgniter.php(936): App\Controllers\Teste->index()
#6 D:\xampp\htdocs\novo-projeto\system\CodeIgniter.php(432): CodeIgniter\CodeIgniter->runController(Object(App\Controllers\Teste))
#7 D:\xampp\htdocs\novo-projeto\system\CodeIgniter.php(333): CodeIgniter\CodeIgniter->handleRequest(NULL, Object(Config\Cache), false)
#8 D:\xampp\htdocs\novo-projeto\public\index.php(44): CodeIgniter\CodeIgniter->run()
#9 {main}
ERROR - 2021-03-16 22:55:45 --> Error connecting to the database: Access denied for user ''@'localhost' (using password: NO)
CRITICAL - 2021-03-16 22:55:45 --> Unable to connect to the database.
#0 D:\xampp\htdocs\novo-projeto\system\Database\BaseConnection.php(618): CodeIgniter\Database\BaseConnection->initialize()
#1 D:\xampp\htdocs\novo-projeto\system\Database\BaseBuilder.php(1866): CodeIgniter\Database\BaseConnection->query('SELECT *\nFROM `...', Array, false)
#2 D:\xampp\htdocs\novo-projeto\system\Model.php(169): CodeIgniter\Database\BaseBuilder->get()
#3 D:\xampp\htdocs\novo-projeto\system\BaseModel.php(518): CodeIgniter\Model->doFind(true, 1)
#4 D:\xampp\htdocs\novo-projeto\app\Controllers\Teste.php(12): CodeIgniter\BaseModel->find(1)
#5 D:\xampp\htdocs\novo-projeto\system\CodeIgniter.php(936): App\Controllers\Teste->index()
#6 D:\xampp\htdocs\novo-projeto\system\CodeIgniter.php(432): CodeIgniter\CodeIgniter->runController(Object(App\Controllers\Teste))
#7 D:\xampp\htdocs\novo-projeto\system\CodeIgniter.php(333): CodeIgniter\CodeIgniter->handleRequest(NULL, Object(Config\Cache), false)
#8 D:\xampp\htdocs\novo-projeto\public\index.php(44): CodeIgniter\CodeIgniter->run()
#9 {main}
ERROR - 2021-03-16 22:56:00 --> Error connecting to the database: Access denied for user ''@'localhost' (using password: NO)
CRITICAL - 2021-03-16 22:56:00 --> Unable to connect to the database.
#0 D:\xampp\htdocs\novo-projeto\system\Database\BaseConnection.php(618): CodeIgniter\Database\BaseConnection->initialize()
#1 D:\xampp\htdocs\novo-projeto\system\Database\BaseBuilder.php(1866): CodeIgniter\Database\BaseConnection->query('SELECT *\nFROM `...', Array, false)
#2 D:\xampp\htdocs\novo-projeto\system\Model.php(169): CodeIgniter\Database\BaseBuilder->get()
#3 D:\xampp\htdocs\novo-projeto\system\BaseModel.php(518): CodeIgniter\Model->doFind(true, 1)
#4 D:\xampp\htdocs\novo-projeto\app\Controllers\Teste.php(12): CodeIgniter\BaseModel->find(1)
#5 D:\xampp\htdocs\novo-projeto\system\CodeIgniter.php(936): App\Controllers\Teste->index()
#6 D:\xampp\htdocs\novo-projeto\system\CodeIgniter.php(432): CodeIgniter\CodeIgniter->runController(Object(App\Controllers\Teste))
#7 D:\xampp\htdocs\novo-projeto\system\CodeIgniter.php(333): CodeIgniter\CodeIgniter->handleRequest(NULL, Object(Config\Cache), false)
#8 D:\xampp\htdocs\novo-projeto\public\index.php(44): CodeIgniter\CodeIgniter->run()
#9 {main}
ERROR - 2021-03-16 22:56:01 --> Error connecting to the database: Access denied for user ''@'localhost' (using password: NO)
CRITICAL - 2021-03-16 22:56:01 --> Unable to connect to the database.
#0 D:\xampp\htdocs\novo-projeto\system\Database\BaseConnection.php(618): CodeIgniter\Database\BaseConnection->initialize()
#1 D:\xampp\htdocs\novo-projeto\system\Database\BaseBuilder.php(1866): CodeIgniter\Database\BaseConnection->query('SELECT *\nFROM `...', Array, false)
#2 D:\xampp\htdocs\novo-projeto\system\Model.php(169): CodeIgniter\Database\BaseBuilder->get()
#3 D:\xampp\htdocs\novo-projeto\system\BaseModel.php(518): CodeIgniter\Model->doFind(true, 1)
#4 D:\xampp\htdocs\novo-projeto\app\Controllers\Teste.php(12): CodeIgniter\BaseModel->find(1)
#5 D:\xampp\htdocs\novo-projeto\system\CodeIgniter.php(936): App\Controllers\Teste->index()
#6 D:\xampp\htdocs\novo-projeto\system\CodeIgniter.php(432): CodeIgniter\CodeIgniter->runController(Object(App\Controllers\Teste))
#7 D:\xampp\htdocs\novo-projeto\system\CodeIgniter.php(333): CodeIgniter\CodeIgniter->handleRequest(NULL, Object(Config\Cache), false)
#8 D:\xampp\htdocs\novo-projeto\public\index.php(44): CodeIgniter\CodeIgniter->run()
#9 {main}
ERROR - 2021-03-16 22:56:11 --> Error connecting to the database: Access denied for user ''@'localhost' (using password: NO)
CRITICAL - 2021-03-16 22:56:11 --> Unable to connect to the database.
#0 D:\xampp\htdocs\novo-projeto\system\Database\BaseConnection.php(618): CodeIgniter\Database\BaseConnection->initialize()
#1 D:\xampp\htdocs\novo-projeto\system\Database\BaseBuilder.php(1866): CodeIgniter\Database\BaseConnection->query('SELECT *\nFROM `...', Array, false)
#2 D:\xampp\htdocs\novo-projeto\system\Model.php(169): CodeIgniter\Database\BaseBuilder->get()
#3 D:\xampp\htdocs\novo-projeto\system\BaseModel.php(518): CodeIgniter\Model->doFind(true, 1)
#4 D:\xampp\htdocs\novo-projeto\app\Controllers\Teste.php(12): CodeIgniter\BaseModel->find(1)
#5 D:\xampp\htdocs\novo-projeto\system\CodeIgniter.php(936): App\Controllers\Teste->index()
#6 D:\xampp\htdocs\novo-projeto\system\CodeIgniter.php(432): CodeIgniter\CodeIgniter->runController(Object(App\Controllers\Teste))
#7 D:\xampp\htdocs\novo-projeto\system\CodeIgniter.php(333): CodeIgniter\CodeIgniter->handleRequest(NULL, Object(Config\Cache), false)
#8 D:\xampp\htdocs\novo-projeto\public\index.php(44): CodeIgniter\CodeIgniter->run()
#9 {main}
ERROR - 2021-03-16 22:56:29 --> Error connecting to the database: Access denied for user ''@'localhost' (using password: NO)
CRITICAL - 2021-03-16 22:56:29 --> Unable to connect to the database.
#0 D:\xampp\htdocs\novo-projeto\system\Database\BaseConnection.php(618): CodeIgniter\Database\BaseConnection->initialize()
#1 D:\xampp\htdocs\novo-projeto\system\Database\BaseBuilder.php(1866): CodeIgniter\Database\BaseConnection->query('SELECT *\nFROM `...', Array, false)
#2 D:\xampp\htdocs\novo-projeto\system\Model.php(169): CodeIgniter\Database\BaseBuilder->get()
#3 D:\xampp\htdocs\novo-projeto\system\BaseModel.php(518): CodeIgniter\Model->doFind(true, 1)
#4 D:\xampp\htdocs\novo-projeto\app\Controllers\Teste.php(12): CodeIgniter\BaseModel->find(1)
#5 D:\xampp\htdocs\novo-projeto\system\CodeIgniter.php(936): App\Controllers\Teste->index()
#6 D:\xampp\htdocs\novo-projeto\system\CodeIgniter.php(432): CodeIgniter\CodeIgniter->runController(Object(App\Controllers\Teste))
#7 D:\xampp\htdocs\novo-projeto\system\CodeIgniter.php(333): CodeIgniter\CodeIgniter->handleRequest(NULL, Object(Config\Cache), false)
#8 D:\xampp\htdocs\novo-projeto\public\index.php(44): CodeIgniter\CodeIgniter->run()
#9 {main}
ERROR - 2021-03-16 22:57:46 --> Error connecting to the database: Access denied for user ''@'localhost' (using password: NO)
CRITICAL - 2021-03-16 22:57:46 --> Unable to connect to the database.
#0 D:\xampp\htdocs\novo-projeto\system\Database\BaseConnection.php(618): CodeIgniter\Database\BaseConnection->initialize()
#1 D:\xampp\htdocs\novo-projeto\system\Database\BaseBuilder.php(1866): CodeIgniter\Database\BaseConnection->query('SELECT *\nFROM `...', Array, false)
#2 D:\xampp\htdocs\novo-projeto\system\Model.php(169): CodeIgniter\Database\BaseBuilder->get()
#3 D:\xampp\htdocs\novo-projeto\system\BaseModel.php(518): CodeIgniter\Model->doFind(true, 1)
#4 D:\xampp\htdocs\novo-projeto\app\Controllers\Teste.php(12): CodeIgniter\BaseModel->find(1)
#5 D:\xampp\htdocs\novo-projeto\system\CodeIgniter.php(936): App\Controllers\Teste->index()
#6 D:\xampp\htdocs\novo-projeto\system\CodeIgniter.php(432): CodeIgniter\CodeIgniter->runController(Object(App\Controllers\Teste))
#7 D:\xampp\htdocs\novo-projeto\system\CodeIgniter.php(333): CodeIgniter\CodeIgniter->handleRequest(NULL, Object(Config\Cache), false)
#8 D:\xampp\htdocs\novo-projeto\public\index.php(44): CodeIgniter\CodeIgniter->run()
#9 {main}
ERROR - 2021-03-16 22:57:47 --> Error connecting to the database: Access denied for user ''@'localhost' (using password: NO)
CRITICAL - 2021-03-16 22:57:47 --> Unable to connect to the database.
#0 D:\xampp\htdocs\novo-projeto\system\Database\BaseConnection.php(618): CodeIgniter\Database\BaseConnection->initialize()
#1 D:\xampp\htdocs\novo-projeto\system\Database\BaseBuilder.php(1866): CodeIgniter\Database\BaseConnection->query('SELECT *\nFROM `...', Array, false)
#2 D:\xampp\htdocs\novo-projeto\system\Model.php(169): CodeIgniter\Database\BaseBuilder->get()
#3 D:\xampp\htdocs\novo-projeto\system\BaseModel.php(518): CodeIgniter\Model->doFind(true, 1)
#4 D:\xampp\htdocs\novo-projeto\app\Controllers\Teste.php(12): CodeIgniter\BaseModel->find(1)
#5 D:\xampp\htdocs\novo-projeto\system\CodeIgniter.php(936): App\Controllers\Teste->index()
#6 D:\xampp\htdocs\novo-projeto\system\CodeIgniter.php(432): CodeIgniter\CodeIgniter->runController(Object(App\Controllers\Teste))
#7 D:\xampp\htdocs\novo-projeto\system\CodeIgniter.php(333): CodeIgniter\CodeIgniter->handleRequest(NULL, Object(Config\Cache), false)
#8 D:\xampp\htdocs\novo-projeto\public\index.php(44): CodeIgniter\CodeIgniter->run()
#9 {main}
ERROR - 2021-03-16 23:01:15 --> Error connecting to the database: Access denied for user ''@'localhost' (using password: NO)
CRITICAL - 2021-03-16 23:01:15 --> Unable to connect to the database.
#0 D:\xampp\htdocs\novo-projeto\system\Database\BaseConnection.php(618): CodeIgniter\Database\BaseConnection->initialize()
#1 D:\xampp\htdocs\novo-projeto\system\Database\BaseBuilder.php(1866): CodeIgniter\Database\BaseConnection->query('SELECT *\nFROM `...', Array, false)
#2 D:\xampp\htdocs\novo-projeto\system\Model.php(169): CodeIgniter\Database\BaseBuilder->get()
#3 D:\xampp\htdocs\novo-projeto\system\BaseModel.php(518): CodeIgniter\Model->doFind(true, 1)
#4 D:\xampp\htdocs\novo-projeto\app\Controllers\Teste.php(12): CodeIgniter\BaseModel->find(1)
#5 D:\xampp\htdocs\novo-projeto\system\CodeIgniter.php(936): App\Controllers\Teste->index()
#6 D:\xampp\htdocs\novo-projeto\system\CodeIgniter.php(432): CodeIgniter\CodeIgniter->runController(Object(App\Controllers\Teste))
#7 D:\xampp\htdocs\novo-projeto\system\CodeIgniter.php(333): CodeIgniter\CodeIgniter->handleRequest(NULL, Object(Config\Cache), false)
#8 D:\xampp\htdocs\novo-projeto\public\index.php(44): CodeIgniter\CodeIgniter->run()
#9 {main}
ERROR - 2021-03-16 23:01:16 --> Error connecting to the database: Access denied for user ''@'localhost' (using password: NO)
CRITICAL - 2021-03-16 23:01:16 --> Unable to connect to the database.
#0 D:\xampp\htdocs\novo-projeto\system\Database\BaseConnection.php(618): CodeIgniter\Database\BaseConnection->initialize()
#1 D:\xampp\htdocs\novo-projeto\system\Database\BaseBuilder.php(1866): CodeIgniter\Database\BaseConnection->query('SELECT *\nFROM `...', Array, false)
#2 D:\xampp\htdocs\novo-projeto\system\Model.php(169): CodeIgniter\Database\BaseBuilder->get()
#3 D:\xampp\htdocs\novo-projeto\system\BaseModel.php(518): CodeIgniter\Model->doFind(true, 1)
#4 D:\xampp\htdocs\novo-projeto\app\Controllers\Teste.php(12): CodeIgniter\BaseModel->find(1)
#5 D:\xampp\htdocs\novo-projeto\system\CodeIgniter.php(936): App\Controllers\Teste->index()
#6 D:\xampp\htdocs\novo-projeto\system\CodeIgniter.php(432): CodeIgniter\CodeIgniter->runController(Object(App\Controllers\Teste))
#7 D:\xampp\htdocs\novo-projeto\system\CodeIgniter.php(333): CodeIgniter\CodeIgniter->handleRequest(NULL, Object(Config\Cache), false)
#8 D:\xampp\htdocs\novo-projeto\public\index.php(44): CodeIgniter\CodeIgniter->run()
#9 {main}
ERROR - 2021-03-16 23:02:52 --> Error connecting to the database: Access denied for user ''@'localhost' (using password: NO)
CRITICAL - 2021-03-16 23:02:52 --> Unable to connect to the database.
#0 D:\xampp\htdocs\novo-projeto\system\Database\BaseConnection.php(618): CodeIgniter\Database\BaseConnection->initialize()
#1 D:\xampp\htdocs\novo-projeto\system\Database\BaseBuilder.php(1866): CodeIgniter\Database\BaseConnection->query('SELECT *\nFROM `...', Array, false)
#2 D:\xampp\htdocs\novo-projeto\system\Model.php(169): CodeIgniter\Database\BaseBuilder->get()
#3 D:\xampp\htdocs\novo-projeto\system\BaseModel.php(518): CodeIgniter\Model->doFind(true, 1)
#4 D:\xampp\htdocs\novo-projeto\app\Controllers\Teste.php(12): CodeIgniter\BaseModel->find(1)
#5 D:\xampp\htdocs\novo-projeto\system\CodeIgniter.php(936): App\Controllers\Teste->index()
#6 D:\xampp\htdocs\novo-projeto\system\CodeIgniter.php(432): CodeIgniter\CodeIgniter->runController(Object(App\Controllers\Teste))
#7 D:\xampp\htdocs\novo-projeto\system\CodeIgniter.php(333): CodeIgniter\CodeIgniter->handleRequest(NULL, Object(Config\Cache), false)
#8 D:\xampp\htdocs\novo-projeto\public\index.php(44): CodeIgniter\CodeIgniter->run()
#9 {main}
ERROR - 2021-03-16 23:04:35 --> Error connecting to the database: Access denied for user ''@'localhost' (using password: NO)
CRITICAL - 2021-03-16 23:04:35 --> Unable to connect to the database.
#0 D:\xampp\htdocs\novo-projeto\system\Database\BaseConnection.php(618): CodeIgniter\Database\BaseConnection->initialize()
#1 D:\xampp\htdocs\novo-projeto\system\Database\BaseBuilder.php(1866): CodeIgniter\Database\BaseConnection->query('SELECT *\nFROM `...', Array, false)
#2 D:\xampp\htdocs\novo-projeto\system\Model.php(169): CodeIgniter\Database\BaseBuilder->get()
#3 D:\xampp\htdocs\novo-projeto\system\BaseModel.php(518): CodeIgniter\Model->doFind(true, 1)
#4 D:\xampp\htdocs\novo-projeto\app\Controllers\Teste.php(12): CodeIgniter\BaseModel->find(1)
#5 D:\xampp\htdocs\novo-projeto\system\CodeIgniter.php(936): App\Controllers\Teste->index()
#6 D:\xampp\htdocs\novo-projeto\system\CodeIgniter.php(432): CodeIgniter\CodeIgniter->runController(Object(App\Controllers\Teste))
#7 D:\xampp\htdocs\novo-projeto\system\CodeIgniter.php(333): CodeIgniter\CodeIgniter->handleRequest(NULL, Object(Config\Cache), false)
#8 D:\xampp\htdocs\novo-projeto\public\index.php(44): CodeIgniter\CodeIgniter->run()
#9 {main}
ERROR - 2021-03-16 23:04:49 --> Error connecting to the database: Access denied for user ''@'localhost' (using password: NO)
CRITICAL - 2021-03-16 23:04:49 --> Unable to connect to the database.
#0 D:\xampp\htdocs\novo-projeto\system\Database\BaseConnection.php(618): CodeIgniter\Database\BaseConnection->initialize()
#1 D:\xampp\htdocs\novo-projeto\system\Database\BaseBuilder.php(1866): CodeIgniter\Database\BaseConnection->query('SELECT *\nFROM `...', Array, false)
#2 D:\xampp\htdocs\novo-projeto\system\Model.php(169): CodeIgniter\Database\BaseBuilder->get()
#3 D:\xampp\htdocs\novo-projeto\system\BaseModel.php(518): CodeIgniter\Model->doFind(true, 1)
#4 D:\xampp\htdocs\novo-projeto\app\Controllers\Teste.php(12): CodeIgniter\BaseModel->find(1)
#5 D:\xampp\htdocs\novo-projeto\system\CodeIgniter.php(936): App\Controllers\Teste->index()
#6 D:\xampp\htdocs\novo-projeto\system\CodeIgniter.php(432): CodeIgniter\CodeIgniter->runController(Object(App\Controllers\Teste))
#7 D:\xampp\htdocs\novo-projeto\system\CodeIgniter.php(333): CodeIgniter\CodeIgniter->handleRequest(NULL, Object(Config\Cache), false)
#8 D:\xampp\htdocs\novo-projeto\public\index.php(44): CodeIgniter\CodeIgniter->run()
#9 {main}
CRITICAL - 2021-03-16 23:05:21 --> Class 'CodeIgniter\Database\MySQL\Connection' not found
#0 D:\xampp\htdocs\novo-projeto\system\Database\Database.php(69): CodeIgniter\Database\Database->initDriver('MySQL', 'CodeIgniter\\Dat...', Array)
#1 D:\xampp\htdocs\novo-projeto\system\Database\Config.php(87): CodeIgniter\Database\Database->load(Array, 'default')
#2 D:\xampp\htdocs\novo-projeto\system\Model.php(111): CodeIgniter\Database\Config::connect('default')
#3 D:\xampp\htdocs\novo-projeto\app\Controllers\Teste.php(11): CodeIgniter\Model->__construct()
#4 D:\xampp\htdocs\novo-projeto\system\CodeIgniter.php(936): App\Controllers\Teste->index()
#5 D:\xampp\htdocs\novo-projeto\system\CodeIgniter.php(432): CodeIgniter\CodeIgniter->runController(Object(App\Controllers\Teste))
#6 D:\xampp\htdocs\novo-projeto\system\CodeIgniter.php(333): CodeIgniter\CodeIgniter->handleRequest(NULL, Object(Config\Cache), false)
#7 D:\xampp\htdocs\novo-projeto\public\index.php(44): CodeIgniter\CodeIgniter->run()
#8 {main}
CRITICAL - 2021-03-16 23:05:48 --> Class 'CodeIgniter\Database\MySQL\Connection' not found
#0 D:\xampp\htdocs\novo-projeto\system\Database\Database.php(69): CodeIgniter\Database\Database->initDriver('MySQL', 'CodeIgniter\\Dat...', Array)
#1 D:\xampp\htdocs\novo-projeto\system\Database\Config.php(87): CodeIgniter\Database\Database->load(Array, 'default')
#2 D:\xampp\htdocs\novo-projeto\system\Model.php(111): CodeIgniter\Database\Config::connect('default')
#3 D:\xampp\htdocs\novo-projeto\app\Controllers\Teste.php(11): CodeIgniter\Model->__construct()
#4 D:\xampp\htdocs\novo-projeto\system\CodeIgniter.php(936): App\Controllers\Teste->index()
#5 D:\xampp\htdocs\novo-projeto\system\CodeIgniter.php(432): CodeIgniter\CodeIgniter->runController(Object(App\Controllers\Teste))
#6 D:\xampp\htdocs\novo-projeto\system\CodeIgniter.php(333): CodeIgniter\CodeIgniter->handleRequest(NULL, Object(Config\Cache), false)
#7 D:\xampp\htdocs\novo-projeto\public\index.php(44): CodeIgniter\CodeIgniter->run()
#8 {main}
CRITICAL - 2021-03-16 23:05:48 --> Class 'CodeIgniter\Database\MySQL\Connection' not found
#0 D:\xampp\htdocs\novo-projeto\system\Database\Database.php(69): CodeIgniter\Database\Database->initDriver('MySQL', 'CodeIgniter\\Dat...', Array)
#1 D:\xampp\htdocs\novo-projeto\system\Database\Config.php(87): CodeIgniter\Database\Database->load(Array, 'default')
#2 D:\xampp\htdocs\novo-projeto\system\Model.php(111): CodeIgniter\Database\Config::connect('default')
#3 D:\xampp\htdocs\novo-projeto\app\Controllers\Teste.php(11): CodeIgniter\Model->__construct()
#4 D:\xampp\htdocs\novo-projeto\system\CodeIgniter.php(936): App\Controllers\Teste->index()
#5 D:\xampp\htdocs\novo-projeto\system\CodeIgniter.php(432): CodeIgniter\CodeIgniter->runController(Object(App\Controllers\Teste))
#6 D:\xampp\htdocs\novo-projeto\system\CodeIgniter.php(333): CodeIgniter\CodeIgniter->handleRequest(NULL, Object(Config\Cache), false)
#7 D:\xampp\htdocs\novo-projeto\public\index.php(44): CodeIgniter\CodeIgniter->run()
#8 {main}
CRITICAL - 2021-03-16 23:20:22 --> Call to a member function save() on array
#0 D:\xampp\htdocs\novo-projeto\system\CodeIgniter.php(936): App\Controllers\Teste->alterar()
#1 D:\xampp\htdocs\novo-projeto\system\CodeIgniter.php(432): CodeIgniter\CodeIgniter->runController(Object(App\Controllers\Teste))
#2 D:\xampp\htdocs\novo-projeto\system\CodeIgniter.php(333): CodeIgniter\CodeIgniter->handleRequest(NULL, Object(Config\Cache), false)
#3 D:\xampp\htdocs\novo-projeto\public\index.php(44): CodeIgniter\CodeIgniter->run()
#4 {main}
CRITICAL - 2021-03-16 23:20:44 --> Allowed fields must be specified for model: App\Models\Pessoa
#0 D:\xampp\htdocs\novo-projeto\system\BaseModel.php(1202): CodeIgniter\Database\Exceptions\DataException::forInvalidAllowedFields('App\\Models\\Pess...')
#1 D:\xampp\htdocs\novo-projeto\system\BaseModel.php(874): CodeIgniter\BaseModel->doProtectFields(Array)
#2 D:\xampp\htdocs\novo-projeto\system\Model.php(737): CodeIgniter\BaseModel->update(Array, Array)
#3 D:\xampp\htdocs\novo-projeto\system\BaseModel.php(663): CodeIgniter\Model->update('1', Array)
#4 D:\xampp\htdocs\novo-projeto\app\Controllers\Teste.php(29): CodeIgniter\BaseModel->save(Array)
#5 D:\xampp\htdocs\novo-projeto\system\CodeIgniter.php(936): App\Controllers\Teste->alterar()
#6 D:\xampp\htdocs\novo-projeto\system\CodeIgniter.php(432): CodeIgniter\CodeIgniter->runController(Object(App\Controllers\Teste))
#7 D:\xampp\htdocs\novo-projeto\system\CodeIgniter.php(333): CodeIgniter\CodeIgniter->handleRequest(NULL, Object(Config\Cache), false)
#8 D:\xampp\htdocs\novo-projeto\public\index.php(44): CodeIgniter\CodeIgniter->run()
#9 {main}
